Resultat pour le fichier generateurs/file_500Mo.zip :
d41dcc2deba9d6d7bea280edbd785cc1b7b38fee8d6836168c34d81301d0c4e0
Ratio de detection : 2/57

Nom Antivirus             Statut     Complement
---------------------     ---------- -----------------------

Baidu                     Dangereux  Archive.Bomb
VBA32                     Dangereux  suspected of ZIP.MailBomb
Qihoo-360                 Normal
Avast                     Normal
Ad-Aware                  Normal
Bkav                      Normal
Antiy-AVL                 Normal
Ikarus                    Normal
Kingsoft                  Normal
AegisLab                  Normal
Baidu-International       Normal
AhnLab-V3                 Normal
Panda                     Normal
Rising                    Normal
nProtect                  Normal
K7AntiVirus               Normal
TrendMicro-HouseCall      Normal
Comodo                    Normal
Emsisoft                  Normal
CAT-QuickHeal             Normal
K7GW                      Normal
ALYac                     Normal
SUPERAntiSpyware          Normal
McAfee-GW-Edition         Normal
DrWeb                     Normal
TrendMicro                Normal
Microsoft                 Normal
Kaspersky                 Normal
ViRobot                   Normal
MicroWorld-eScan          Normal
Tencent                   Normal
Fortinet                  Normal
Zoner                     Normal
TotalDefense              Normal
Arcabit                   Normal
Jiangmin                  Normal
Cyren                     Normal
McAfee                    Normal
NANO-Antivirus            Normal
Alibaba                   Normal
ClamAV                    Normal
F-Secure                  Normal
VIPRE                     Normal
Yandex                    Normal
Avira                     Normal
F-Prot                    Normal
AVG                       Normal
Zillya                    Normal
Sophos                    Normal
GData                     Normal
Symantec                  Normal
AVware                    Normal
Malwarebytes              Normal
TheHacker                 Normal
ESET-NOD32                Normal
BitDefender               Normal
CMC                       Normal
