Resultat pour le fichier generateurs/file_314Mo.zip :
a46c0917b58db00808d0697b4ebf5532e782020d8d76a4f686b4c40d9cf7beb5
Ratio de detection : 2/55

Nom Antivirus             Statut     Complement
---------------------     ---------- -----------------------

Baidu                     Dangereux  Archive.Bomb
VBA32                     Dangereux  suspected of Archive.MailBomb
Qihoo-360                 Normal
Avast                     Normal
Ad-Aware                  Normal
Bkav                      Normal
Antiy-AVL                 Normal
Ikarus                    Normal
Kingsoft                  Normal
AegisLab                  Normal
Baidu-International       Normal
AhnLab-V3                 Normal
Rising                    Normal
Panda                     Normal
nProtect                  Normal
K7AntiVirus               Normal
TrendMicro-HouseCall      Normal
Comodo                    Normal
Emsisoft                  Normal
CAT-QuickHeal             Normal
K7GW                      Normal
SUPERAntiSpyware          Normal
McAfee-GW-Edition         Normal
DrWeb                     Normal
TrendMicro                Normal
ViRobot                   Normal
Microsoft                 Normal
Kaspersky                 Normal
MicroWorld-eScan          Normal
Tencent                   Normal
Fortinet                  Normal
Zoner                     Normal
Arcabit                   Normal
Jiangmin                  Normal
Cyren                     Normal
McAfee                    Normal
NANO-Antivirus            Normal
Alibaba                   Normal
ClamAV                    Normal
F-Secure                  Normal
VIPRE                     Normal
Yandex                    Normal
Avira                     Normal
F-Prot                    Normal
AVG                       Normal
Zillya                    Normal
Sophos                    Normal
GData                     Normal
Symantec                  Normal
AVware                    Normal
Malwarebytes              Normal
TheHacker                 Normal
ESET-NOD32                Normal
BitDefender               Normal
CMC                       Normal
