Resultat pour le fichier generateurs/file_314Mo.gz :
e6004719c7deb8adc7f32e338d3f2bc076c8a7b7efeb885cda2d690b3e584023
Ratio de detection : 0/57

Nom Antivirus             Statut     Complement
---------------------     ---------- -----------------------

Qihoo-360                 Normal
Avast                     Normal
Ad-Aware                  Normal
Bkav                      Normal
Antiy-AVL                 Normal
Ikarus                    Normal
Kingsoft                  Normal
AegisLab                  Normal
Baidu-International       Normal
AhnLab-V3                 Normal
Panda                     Normal
Rising                    Normal
nProtect                  Normal
K7AntiVirus               Normal
VBA32                     Normal
TrendMicro-HouseCall      Normal
Comodo                    Normal
Emsisoft                  Normal
CAT-QuickHeal             Normal
K7GW                      Normal
ALYac                     Normal
SUPERAntiSpyware          Normal
McAfee-GW-Edition         Normal
DrWeb                     Normal
Baidu                     Normal
TrendMicro                Normal
ViRobot                   Normal
Microsoft                 Normal
Kaspersky                 Normal
MicroWorld-eScan          Normal
Tencent                   Normal
Fortinet                  Normal
Zoner                     Normal
TotalDefense              Normal
Arcabit                   Normal
Jiangmin                  Normal
Cyren                     Normal
McAfee                    Normal
NANO-Antivirus            Normal
Alibaba                   Normal
ClamAV                    Normal
F-Secure                  Normal
VIPRE                     Normal
Yandex                    Normal
Avira                     Normal
F-Prot                    Normal
AVG                       Normal
Zillya                    Normal
Sophos                    Normal
GData                     Normal
Symantec                  Normal
AVware                    Normal
Malwarebytes              Normal
TheHacker                 Normal
ESET-NOD32                Normal
BitDefender               Normal
CMC                       Normal
